<?xml version="1.0" encoding="UTF-8"?>
<!-- Generated by org.testng.reporters.JUnitReportReporter -->
<testsuite hostname="DESKTOP-1DRG44F" failures="0" tests="1" name="testPackage.DeleteAllTestCase" time="7.246" errors="0" timestamp="2023-12-12T13:24:53 IST" skipped="0">
  <testcase classname="testPackage.DeleteAllTestCase" name="deleteMethod" time="7.246">
    <system-out>
      <![CDATA[onTestStart
onTestSuccess]]>
    </system-out>
  </testcase> <!-- deleteMethod -->
  <system-out>
    <![CDATA[onStart
onTestStart
onTestSuccess]]>
  </system-out>
</testsuite> <!-- testPackage.DeleteAllTestCase -->
