<?xml version="1.0" encoding="UTF-8"?>
<!-- Generated by org.testng.reporters.JUnitReportReporter -->
<testsuite hostname="DESKTOP-1DRG44F" failures="0" tests="1" name="testPackage.InValidLoginTestCase" time="7.438" errors="0" timestamp="2023-12-12T13:22:36 IST" skipped="0">
  <testcase classname="testPackage.InValidLoginTestCase" name="invalidLoginMethod" time="7.438">
    <system-out>
      <![CDATA[onTestStart
onTestSuccess]]>
    </system-out>
  </testcase> <!-- invalidLoginMethod -->
  <system-out>
    <![CDATA[onStart
onTestStart
onTestSuccess
onTestStart
onTestSuccess
onTestStart
onTestSuccess
onTestStart
onTestSuccess
onTestStart
onTestFailure
Method Failed Taken Screenshots!!!]]>
  </system-out>
</testsuite> <!-- testPackage.InValidLoginTestCase -->
